c:\users\chiansong\desktop\nyp_framework_week02_solution\library\release\library.pdb
c:\users\chiansong\desktop\nyp_framework_week02_solution\library\release\csvreader.obj
c:\users\chiansong\desktop\nyp_framework_week02_solution\library\release\scriptmanager.obj
c:\users\chiansong\desktop\nyp_framework_week02_solution\library\release\textrenderer.obj
c:\users\chiansong\desktop\nyp_framework_week02_solution\library\release\shadermanager.obj
c:\users\chiansong\desktop\nyp_framework_week02_solution\library\release\spriteanimation.obj
c:\users\chiansong\desktop\nyp_framework_week02_solution\library\release\meshbuilder.obj
c:\users\chiansong\desktop\nyp_framework_week02_solution\library\release\mesh.obj
c:\users\chiansong\desktop\nyp_framework_week02_solution\library\release\levelofdetails.obj
c:\users\chiansong\desktop\nyp_framework_week02_solution\library\release\entity3d.obj
c:\users\chiansong\desktop\nyp_framework_week02_solution\library\release\entity2d.obj
c:\users\chiansong\desktop\nyp_framework_week02_solution\library\release\collider.obj
c:\users\chiansong\desktop\nyp_framework_week02_solution\library\release\mousecontroller.obj
c:\users\chiansong\desktop\nyp_framework_week02_solution\library\release\keyboardcontroller.obj
c:\users\chiansong\desktop\nyp_framework_week02_solution\library\release\imgui_widgets.obj
c:\users\chiansong\desktop\nyp_framework_week02_solution\library\release\imgui_tables.obj
c:\users\chiansong\desktop\nyp_framework_week02_solution\library\release\imgui_draw.obj
c:\users\chiansong\desktop\nyp_framework_week02_solution\library\release\imgui_demo.obj
c:\users\chiansong\desktop\nyp_framework_week02_solution\library\release\imgui.obj
c:\users\chiansong\desktop\nyp_framework_week02_solution\library\release\gui.obj
c:\users\chiansong\desktop\nyp_framework_week02_solution\library\release\settings.obj
c:\users\chiansong\desktop\nyp_framework_week02_solution\library\release\stopwatch.obj
c:\users\chiansong\desktop\nyp_framework_week02_solution\library\release\fpscounter.obj
c:\users\chiansong\desktop\nyp_framework_week02_solution\library\release\loadobj.obj
c:\users\chiansong\desktop\nyp_framework_week02_solution\library\release\imageloader.obj
c:\users\chiansong\desktop\nyp_framework_week02_solution\library\release\csvwriter.obj
c:\users\chiansong\desktop\nyp_framework_week02_solution\release\library.lib
c:\users\chiansong\desktop\nyp_framework_week02_solution\library\release\library.tlog\cl.command.1.tlog
c:\users\chiansong\desktop\nyp_framework_week02_solution\library\release\library.tlog\cl.read.1.tlog
c:\users\chiansong\desktop\nyp_framework_week02_solution\library\release\library.tlog\cl.write.1.tlog
c:\users\chiansong\desktop\nyp_framework_week02_solution\library\release\library.tlog\lib-link.read.1.tlog
c:\users\chiansong\desktop\nyp_framework_week02_solution\library\release\library.tlog\lib-link.write.1.tlog
c:\users\chiansong\desktop\nyp_framework_week02_solution\library\release\library.tlog\lib.command.1.tlog
c:\users\chiansong\desktop\nyp_framework_week02_solution\library\release\library.tlog\metagen.read.1.tlog
c:\users\chiansong\desktop\nyp_framework_week02_solution\library\release\library.tlog\metagen.write.1.tlog
