c:\users\chiansong\desktop\nyp_framework_week02_solution\release\app.ipdb
c:\users\chiansong\desktop\nyp_framework_week02_solution\release\app.iobj
c:\users\chiansong\desktop\nyp_framework_week02_solution\app\release\vc142.pdb
c:\users\chiansong\desktop\nyp_framework_week02_solution\app\release\physics3d.obj
c:\users\chiansong\desktop\nyp_framework_week02_solution\app\release\groundtile.obj
c:\users\chiansong\desktop\nyp_framework_week02_solution\app\release\groundmap.obj
c:\users\chiansong\desktop\nyp_framework_week02_solution\app\release\entitymanager.obj
c:\users\chiansong\desktop\nyp_framework_week02_solution\app\release\enemy3d.obj
c:\users\chiansong\desktop\nyp_framework_week02_solution\app\release\crosshair.obj
c:\users\chiansong\desktop\nyp_framework_week02_solution\app\release\camera.obj
c:\users\chiansong\desktop\nyp_framework_week02_solution\app\release\physics2d.obj
c:\users\chiansong\desktop\nyp_framework_week02_solution\app\release\animatedsprites.obj
c:\users\chiansong\desktop\nyp_framework_week02_solution\app\release\minimap.obj
c:\users\chiansong\desktop\nyp_framework_week02_solution\app\release\progressbar.obj
c:\users\chiansong\desktop\nyp_framework_week02_solution\app\release\cameraeffects.obj
c:\users\chiansong\desktop\nyp_framework_week02_solution\app\release\imgui_impl_opengl3.obj
c:\users\chiansong\desktop\nyp_framework_week02_solution\app\release\imgui_impl_glfw.obj
c:\users\chiansong\desktop\nyp_framework_week02_solution\app\release\menustate.obj
c:\users\chiansong\desktop\nyp_framework_week02_solution\app\release\introstate.obj
c:\users\chiansong\desktop\nyp_framework_week02_solution\app\release\woodencrate3d.obj
c:\users\chiansong\desktop\nyp_framework_week02_solution\app\release\weaponinfo.obj
c:\users\chiansong\desktop\nyp_framework_week02_solution\app\release\projectilemanager.obj
c:\users\chiansong\desktop\nyp_framework_week02_solution\app\release\projectile.obj
c:\users\chiansong\desktop\nyp_framework_week02_solution\app\release\pistol.obj
c:\users\chiansong\desktop\nyp_framework_week02_solution\app\release\waypointmanager.obj
c:\users\chiansong\desktop\nyp_framework_week02_solution\app\release\waypoint.obj
c:\users\chiansong\desktop\nyp_framework_week02_solution\app\release\structure3d.obj
c:\users\chiansong\desktop\nyp_framework_week02_solution\app\release\spatialpartition.obj
c:\users\chiansong\desktop\nyp_framework_week02_solution\app\release\grid.obj
c:\users\chiansong\desktop\nyp_framework_week02_solution\app\release\frustumculling.obj
c:\users\chiansong\desktop\nyp_framework_week02_solution\app\release\skybox.obj
c:\users\chiansong\desktop\nyp_framework_week02_solution\app\release\scenenode.obj
c:\users\chiansong\desktop\nyp_framework_week02_solution\app\release\scenegraph.obj
c:\users\chiansong\desktop\nyp_framework_week02_solution\app\release\scene3d.obj
c:\users\chiansong\desktop\nyp_framework_week02_solution\app\release\rock3d.obj
c:\users\chiansong\desktop\nyp_framework_week02_solution\app\release\player3d.obj
c:\users\chiansong\desktop\nyp_framework_week02_solution\app\release\main.obj
c:\users\chiansong\desktop\nyp_framework_week02_solution\app\release\soundinfo.obj
c:\users\chiansong\desktop\nyp_framework_week02_solution\app\release\soundcontroller.obj
c:\users\chiansong\desktop\nyp_framework_week02_solution\app\release\scenemanager.obj
c:\users\chiansong\desktop\nyp_framework_week02_solution\app\release\scene.obj
c:\users\chiansong\desktop\nyp_framework_week02_solution\app\release\gamestate.obj
c:\users\chiansong\desktop\nyp_framework_week02_solution\app\release\scene2d.obj
c:\users\chiansong\desktop\nyp_framework_week02_solution\app\release\entity2dfactory.obj
c:\users\chiansong\desktop\nyp_framework_week02_solution\app\release\application.obj
c:\users\chiansong\desktop\nyp_framework_week02_solution\app\release\enemy2d.obj
c:\users\chiansong\desktop\nyp_framework_week02_solution\app\release\player2d.obj
c:\users\chiansong\desktop\nyp_framework_week02_solution\app\release\map2d.obj
c:\users\chiansong\desktop\nyp_framework_week02_solution\release\app.exe
c:\users\chiansong\desktop\nyp_framework_week02_solution\release\app.pdb
c:\users\chiansong\desktop\nyp_framework_week02_solution\app\release\app.tlog\app.write.1u.tlog
c:\users\chiansong\desktop\nyp_framework_week02_solution\app\release\app.tlog\cl.command.1.tlog
c:\users\chiansong\desktop\nyp_framework_week02_solution\app\release\app.tlog\cl.read.1.tlog
c:\users\chiansong\desktop\nyp_framework_week02_solution\app\release\app.tlog\cl.write.1.tlog
c:\users\chiansong\desktop\nyp_framework_week02_solution\app\release\app.tlog\link.command.1.tlog
c:\users\chiansong\desktop\nyp_framework_week02_solution\app\release\app.tlog\link.read.1.tlog
c:\users\chiansong\desktop\nyp_framework_week02_solution\app\release\app.tlog\link.write.1.tlog
