  Application.cpp
  Play3DGameState.cpp
C:\Program Files (x86)\Windows Kits\10\Include\10.0.18362.0\shared\minwindef.h(130,1): warning C4005: 'APIENTRY': macro redefinition
C:\Users\Ridwan\source\repos\Sp4_3\glfw\include\GLFW\glfw3.h(98): message : see previous definition of 'APIENTRY'
  Baryonyx.cpp
  Car.cpp
C:\Users\Ridwan\source\repos\Sp4_3\App\Source\Scene3D\Entities\Car.cpp(234,12): warning C4244: 'argument': conversion from 'const double' to 'float', possible loss of data
C:\Users\Ridwan\source\repos\Sp4_3\App\Source\Scene3D\Entities\Car.cpp(315,12): warning C4244: 'initializing': conversion from 'double' to 'float', possible loss of data
C:\Users\Ridwan\source\repos\Sp4_3\App\Source\Scene3D\Entities\Car.cpp(342,18): warning C4244: 'initializing': conversion from 'double' to 'float', possible loss of data
  Charano.cpp
  Dinosaur.cpp
  Edo.cpp
  Enemy3D.cpp
  Hut_Concrete.cpp
  Player3D.cpp
  SUV.cpp
  SolidObjectManager.cpp
  Spider.cpp
  GUI_Scene3D.cpp
  PowerUpManager.cpp
  Scene3D.cpp
  AssaultRifle.cpp
  Card.cpp
  Pistol.cpp
  ProjectileManager.cpp
C:\Users\Ridwan\source\repos\Sp4_3\App\Source\Scene3D\WeaponInfo\ProjectileManager.cpp(29,20): warning C4018: '<': signed/unsigned mismatch
C:\Users\Ridwan\source\repos\Sp4_3\App\Source\Scene3D\WeaponInfo\ProjectileManager.cpp(59,20): warning C4018: '<': signed/unsigned mismatch
C:\Users\Ridwan\source\repos\Sp4_3\App\Source\Scene3D\WeaponInfo\ProjectileManager.cpp(176,32): warning C4018: '<=': signed/unsigned mismatch
C:\Users\Ridwan\source\repos\Sp4_3\App\Source\Scene3D\WeaponInfo\ProjectileManager.cpp(190,32): warning C4018: '<': signed/unsigned mismatch
C:\Users\Ridwan\source\repos\Sp4_3\App\Source\Scene3D\WeaponInfo\ProjectileManager.cpp(201,21): warning C4018: '<=': signed/unsigned mismatch
C:\Users\Ridwan\source\repos\Sp4_3\App\Source\Scene3D\WeaponInfo\ProjectileManager.cpp(226,20): warning C4018: '<': signed/unsigned mismatch
C:\Users\Ridwan\source\repos\Sp4_3\App\Source\Scene3D\WeaponInfo\ProjectileManager.cpp(256,20): warning C4018: '<': signed/unsigned mismatch
  Generating Code...
C:\Users\Ridwan\source\repos\Sp4_3\App\Source\Scene3D\Entities\Spider.cpp(312): warning C4715: 'Spider::DischargeWeapon': not all control paths return a value
C:\Users\Ridwan\source\repos\Sp4_3\App\Source\Scene3D\Entities\Enemy3D.cpp(374): warning C4715: 'CEnemy3D::DischargeWeapon': not all control paths return a value
  Compiling...
  WeaponInfo.cpp
C:\Users\Ridwan\source\repos\Sp4_3\App\Source\Scene3D\WeaponInfo\WeaponInfo.cpp(118,9): warning C4244: 'return': conversion from 'const double' to 'float', possible loss of data
C:\Users\Ridwan\source\repos\Sp4_3\App\Source\Scene3D\WeaponInfo\WeaponInfo.cpp(123,9): warning C4244: 'return': conversion from 'const double' to 'float', possible loss of data
  Generating Code...
  App.vcxproj -> C:\Users\Ridwan\source\repos\Sp4_3\Debug\App.exe
