c:\school\sp4_3\app\debug\vc142.pdb
c:\school\sp4_3\app\debug\vc142.idb
c:\school\sp4_3\app\debug\scene2d.obj
c:\school\sp4_3\app\debug\player2d.obj
c:\school\sp4_3\app\debug\physics2d.obj
c:\school\sp4_3\app\debug\map2d.obj
c:\school\sp4_3\app\debug\inventorymanager.obj
c:\school\sp4_3\app\debug\inventoryitem.obj
c:\school\sp4_3\app\debug\gui_scene2d.obj
c:\school\sp4_3\app\debug\gamemanager.obj
c:\school\sp4_3\app\debug\enemy2d.obj
c:\school\sp4_3\app\debug\backgroundentity.obj
c:\school\sp4_3\app\debug\main.obj
c:\school\sp4_3\app\debug\playgamestate.obj
c:\school\sp4_3\app\debug\play3dgamestate.obj
c:\school\sp4_3\app\debug\pausestate.obj
c:\school\sp4_3\app\debug\menustate.obj
c:\school\sp4_3\app\debug\introstate3.obj
c:\school\sp4_3\app\debug\introstate2.obj
c:\school\sp4_3\app\debug\introstate.obj
c:\school\sp4_3\app\debug\gamestatemanager.obj
c:\school\sp4_3\app\debug\application.obj
c:\school\sp4_3\app\debug\healthup.obj
c:\school\sp4_3\app\debug\entitymanager.obj
c:\school\sp4_3\app\debug\enemy3d.obj
c:\school\sp4_3\app\debug\edo.obj
c:\school\sp4_3\app\debug\dinosaur.obj
c:\school\sp4_3\app\debug\charano.obj
c:\school\sp4_3\app\debug\car.obj
c:\school\sp4_3\app\debug\baryonyx.obj
c:\school\sp4_3\app\debug\winscreen.obj
c:\school\sp4_3\app\debug\sweatscreen.obj
c:\school\sp4_3\app\debug\scopescreen.obj
c:\school\sp4_3\app\debug\losescreen.obj
c:\school\sp4_3\app\debug\dirtscreen.obj
c:\school\sp4_3\app\debug\crosshair.obj
c:\school\sp4_3\app\debug\camerashake.obj
c:\school\sp4_3\app\debug\cameraeffectsmanager.obj
c:\school\sp4_3\app\debug\cameraeffects.obj
c:\school\sp4_3\app\debug\bloodscreen.obj
c:\school\sp4_3\app\debug\camera.obj
c:\school\sp4_3\app\debug\fsm.obj
c:\school\sp4_3\app\debug\physics3d.obj
c:\school\sp4_3\app\debug\minimap.obj
c:\school\sp4_3\app\debug\vector3.obj
c:\school\sp4_3\app\debug\timer.obj
c:\school\sp4_3\app\debug\mtx44.obj
c:\school\sp4_3\app\debug\matrixstack.obj
c:\school\sp4_3\app\debug\gui_scene3d.obj
c:\school\sp4_3\app\debug\gamemanager3d.obj
c:\school\sp4_3\app\debug\watchtower.obj
c:\school\sp4_3\app\debug\treekabak3d.obj
c:\school\sp4_3\app\debug\suv.obj
c:\school\sp4_3\app\debug\structure3d.obj
c:\school\sp4_3\app\debug\spider.obj
c:\school\sp4_3\app\debug\speedupbox.obj
c:\school\sp4_3\app\debug\solidobjectmanager.obj
c:\school\sp4_3\app\debug\solidobject.obj
c:\school\sp4_3\app\debug\soldier.obj
c:\school\sp4_3\app\debug\player3d.obj
c:\school\sp4_3\app\debug\invinciblebox.obj
c:\school\sp4_3\app\debug\hut_concrete.obj
c:\school\sp4_3\app\debug\projectilemanager.obj
c:\school\sp4_3\app\debug\projectile.obj
c:\school\sp4_3\app\debug\pistol.obj
c:\school\sp4_3\app\debug\card.obj
c:\school\sp4_3\app\debug\assaultrifle.obj
c:\school\sp4_3\app\debug\waypointmanager.obj
c:\school\sp4_3\app\debug\waypoint.obj
c:\school\sp4_3\app\debug\vertexbufferobject.obj
c:\school\sp4_3\app\debug\texture.obj
c:\school\sp4_3\app\debug\terrain.obj
c:\school\sp4_3\app\debug\skybox.obj
c:\school\sp4_3\app\debug\wheel.obj
c:\school\sp4_3\app\debug\spintower.obj
c:\school\sp4_3\app\debug\scenenode.obj
c:\school\sp4_3\app\debug\planet.obj
c:\school\sp4_3\app\debug\lvtower.obj
c:\school\sp4_3\app\debug\decor.obj
c:\school\sp4_3\app\debug\scene3d.obj
c:\school\sp4_3\app\debug\powerupmanager.obj
c:\school\sp4_3\app\debug\powerup.obj
c:\school\sp4_3\app\debug\soundinfo.obj
c:\school\sp4_3\app\debug\soundcontroller.obj
c:\school\sp4_3\app\debug\weaponinfo.obj
c:\school\sp4_3\app\debug\winstate4.obj
c:\school\sp4_3\app\debug\winstate3.obj
c:\school\sp4_3\app\debug\winstate2.obj
c:\school\sp4_3\app\debug\winstate.obj
c:\school\sp4_3\app\debug\boss.obj
c:\school\sp4_3\debug\app.exe
c:\school\sp4_3\app\debug\app.ilk
c:\school\sp4_3\debug\app.pdb
c:\school\sp4_3\app\debug\app.tlog\cl.command.1.tlog
c:\school\sp4_3\app\debug\app.tlog\cl.read.1.tlog
c:\school\sp4_3\app\debug\app.tlog\cl.write.1.tlog
c:\school\sp4_3\app\debug\app.tlog\link.command.1.tlog
c:\school\sp4_3\app\debug\app.tlog\link.read.1.tlog
c:\school\sp4_3\app\debug\app.tlog\link.write.1.tlog
